<?xml version="1.0" encoding="UTF-8"?>
<!-- Generated by org.testng.reporters.JUnitReportReporter -->
<testsuite hostname="DESKTOP-QDCFV5R" failures="0" tests="2" name="Sample.Demo1Test$TestNGclass" time="0.029" errors="0" timestamp="2023-08-21T13:49:33 IST" skipped="0">
  <testcase classname="Sample.Demo1Test$TestNGclass" name="m1" time="0.026"/>
  <system-out/>
  <testcase classname="Sample.Demo1Test$TestNGclass" name="m2" time="0.003"/>
  <system-out/>
</testsuite> <!-- Sample.Demo1Test$TestNGclass -->
